<?xml version="1.0" encoding="UTF-8"?>
<!-- Generated by org.testng.reporters.JUnitReportReporter -->
<testsuite skipped="5" hostname="E3539-TECH" name="com.ExtramarksWebsite_TestCases.ScheduleTest" tests="7" failures="0" timestamp="05 Jul 2019 06:09:13 GMT" time="128.879" errors="0">
  <testcase name="doLogin" time="27.903" classname="com.ExtramarksWebsite_TestCases.ScheduleTest"/>
  <testcase name="Notification" time="100.976" classname="com.ExtramarksWebsite_TestCases.ScheduleTest"/>
  <testcase name="Profile" classname="com.ExtramarksWebsite_TestCases.ScheduleTest">
    <skipped/>
  </testcase> <!-- Profile -->
  <testcase name="Assessment" classname="com.ExtramarksWebsite_TestCases.ScheduleTest">
    <skipped/>
  </testcase> <!-- Assessment -->
  <testcase name="Report" classname="com.ExtramarksWebsite_TestCases.ScheduleTest">
    <skipped/>
  </testcase> <!-- Report -->
  <testcase name="AddSchedule" classname="com.ExtramarksWebsite_TestCases.ScheduleTest">
    <skipped/>
  </testcase> <!-- AddSchedule -->
  <testcase name="MySchedule" classname="com.ExtramarksWebsite_TestCases.ScheduleTest">
    <skipped/>
  </testcase> <!-- MySchedule -->
</testsuite> <!-- com.ExtramarksWebsite_TestCases.ScheduleTest -->
