<?xml version="1.0" encoding="UTF-8"?>
<!-- Generated by org.testng.reporters.JUnitReportReporter -->
<testsuite skipped="0" hostname="E4814-TECH" name="com.ExtramarksWebsite_TestCases.LPTServicesTest" tests="2" failures="0" timestamp="07 May 2019 10:38:32 GMT" time="214.597" errors="0">
  <testcase name="doLogin" time="36.474" classname="com.ExtramarksWebsite_TestCases.LPTServicesTest"/>
  <testcase name="study" time="178.123" classname="com.ExtramarksWebsite_TestCases.LPTServicesTest"/>
</testsuite> <!-- com.ExtramarksWebsite_TestCases.LPTServicesTest -->
