<?xml version="1.0" encoding="UTF-8"?>
<!-- Generated by org.testng.reporters.JUnitReportReporter -->
<testsuite hostname="E3539-TECH" name="com.ExtramarksWebsite_TestCases.StudentScheduleTest" tests="1" failures="0" timestamp="22 Aug 2019 04:29:44 GMT" time="84.157" errors="0">
  <testcase name="AddSchedule" time="84.157" classname="com.ExtramarksWebsite_TestCases.StudentScheduleTest"/>
</testsuite> <!-- com.ExtramarksWebsite_TestCases.StudentScheduleTest -->
