<?xml version="1.0" encoding="UTF-8"?>
<!-- Generated by org.testng.reporters.JUnitReportReporter -->
<testsuite hostname="E3539-TECH" name="com.ExtramarksWebsite_TestCases.ServicesTest" tests="2" failures="0" timestamp="8 Aug 2019 09:52:44 GMT" time="51.004" errors="0">
  <testcase name="LearningApp" time="28.730" classname="com.ExtramarksWebsite_TestCases.ServicesTest"/>
  <testcase name="KidsLearning" time="22.274" classname="com.ExtramarksWebsite_TestCases.ServicesTest"/>
</testsuite> <!-- com.ExtramarksWebsite_TestCases.ServicesTest -->
