<?xml version="1.0" encoding="UTF-8"?>
<!-- Generated by org.testng.reporters.JUnitReportReporter -->
<testsuite hostname="E3539-TECH" name="com.ExtramarksWebsite_TestCases.StudentReportTest" tests="1" failures="0" timestamp="22 Aug 2019 04:29:44 GMT" time="53.492" errors="0">
  <testcase name="Report" time="53.492" classname="com.ExtramarksWebsite_TestCases.StudentReportTest"/>
</testsuite> <!-- com.ExtramarksWebsite_TestCases.StudentReportTest -->
