<?xml version="1.0" encoding="UTF-8"?>
<!-- Generated by org.testng.reporters.JUnitReportReporter -->
<testsuite hostname="E3539-TECH" name="com.ExtramarksWebsite_TestCases.StudentAssessmentTest" tests="1" failures="0" timestamp="22 Aug 2019 04:29:44 GMT" time="88.546" errors="0">
  <testcase name="Assessment" time="88.546" classname="com.ExtramarksWebsite_TestCases.StudentAssessmentTest"/>
</testsuite> <!-- com.ExtramarksWebsite_TestCases.StudentAssessmentTest -->
