<?xml version="1.0" encoding="UTF-8"?>
<!-- Generated by org.testng.reporters.JUnitReportReporter -->
<testsuite skipped="0" hostname="E3539-TECH" name="com.ExtramarksWebsite_TestCases.MentorTest" tests="4" failures="0" timestamp="23 Jul 2019 11:36:57 GMT" time="783.935" errors="0">
  <testcase name="doLogin" time="31.992" classname="com.ExtramarksWebsite_TestCases.MentorTest"/>
  <testcase name="MentorDashboard" time="75.045" classname="com.ExtramarksWebsite_TestCases.MentorTest"/>
  <testcase name="MentorAssessment" time="664.029" classname="com.ExtramarksWebsite_TestCases.MentorTest"/>
  <testcase name="MentorsStudent" time="12.869" classname="com.ExtramarksWebsite_TestCases.MentorTest"/>
</testsuite> <!-- com.ExtramarksWebsite_TestCases.MentorTest -->
