<?xml version="1.0" encoding="UTF-8"?>
<!-- Generated by org.testng.reporters.JUnitReportReporter -->
<testsuite skipped="0" hostname="E3539-TECH" name="com.ExtramarksWebsite_TestCases.StudentLoginTest" tests="1" failures="0" timestamp="16 Sep 2019 12:32:06 GMT" time="42.562" errors="0">
  <testcase name="doLogin" time="42.562" classname="com.ExtramarksWebsite_TestCases.StudentLoginTest"/>
</testsuite> <!-- com.ExtramarksWebsite_TestCases.StudentLoginTest -->
