<?xml version="1.0" encoding="UTF-8"?>
<!-- Generated by org.testng.reporters.JUnitReportReporter -->
<testsuite hostname="E3539-TECH" name="com.ExtramarksWebsite_TestCases.BuyPackageTest" tests="1" failures="0" timestamp="13 Aug 2019 05:08:50 GMT" time="52.290" errors="0">
  <testcase name="openBuyPackage" time="52.290" classname="com.ExtramarksWebsite_TestCases.BuyPackageTest"/>
</testsuite> <!-- com.ExtramarksWebsite_TestCases.BuyPackageTest -->
