<?xml version="1.0" encoding="UTF-8"?>
<!-- Generated by org.testng.reporters.JUnitReportReporter -->
<testsuite hostname="E3539-TECH" name="com.ExtramarksWebsite_TestCases.SignUpTest" tests="1" failures="0" timestamp="14 Aug 2019 09:31:34 GMT" time="22.181" errors="0">
  <testcase name="signUp" time="22.181" classname="com.ExtramarksWebsite_TestCases.SignUpTest"/>
</testsuite> <!-- com.ExtramarksWebsite_TestCases.SignUpTest -->
