<?xml version="1.0" encoding="UTF-8"?>
<!-- Generated by org.testng.reporters.JUnitReportReporter -->
<testsuite skipped="0" hostname="E3539-TECH" name="com.ExtramarksWebsite_TestCases.StudentLoginTest" tests="1" failures="0" timestamp="10 Sep 2019 12:07:57 GMT" time="45.845" errors="0">
  <testcase name="doLogin" time="45.845" classname="com.ExtramarksWebsite_TestCases.StudentLoginTest"/>
</testsuite> <!-- com.ExtramarksWebsite_TestCases.StudentLoginTest -->
